<?xml version="1.0" encoding="UTF-8"?>
<testng-results skipped="0" failed="0" total="1" passed="1">
  <reporter-output>
  </reporter-output>
  <suite name="Default suite" duration-ms="101937" started-at="2018-11-22T08:47:56Z" finished-at="2018-11-22T08:49:38Z">
    <groups>
    </groups>
    <test name="Default test" duration-ms="101937" started-at="2018-11-22T08:47:56Z" finished-at="2018-11-22T08:49:38Z">
      <class name="com.TestCases.Tc_01_ValidateRegisterLink">
        <test-method status="PASS" signature="validate_RegisterLink()[pri:0, instance:com.TestCases.Tc_01_ValidateRegisterLink@167c1fc]" name="validate_RegisterLink" duration-ms="101876" started-at="2018-11-22T14:17:56Z" finished-at="2018-11-22T14:19:38Z">
          <reporter-output>
          </reporter-output>
        </test-method> <!-- validate_RegisterLink -->
      </class> <!-- com.TestCases.Tc_01_ValidateRegisterLink -->
    </test> <!-- Default test -->
  </suite> <!-- Default suite -->
</testng-results>
